<?xml version="1.0" encoding="utf-8"?><testsuites name="pytest tests"><testsuite name="pytest" errors="0" failures="0" skipped="0" tests="10" time="3.035" timestamp="2026-03-16T12:25:24.899183+00:00" hostname="agent-env-e68415b8-5599-4032-9af2-99697e39be78"><testcase classname="backend.tests.test_billing_api" name="test_api_root_health" time="0.234" /><testcase classname="backend.tests.test_billing_api" name="test_login_invalid_passcode" time="0.115" /><testcase classname="backend.tests.test_billing_api" name="test_verify_session" time="0.220" /><testcase classname="backend.tests.test_billing_api" name="test_cloud_status_reports_placeholder_mode" time="0.201" /><testcase classname="backend.tests.test_billing_api" name="test_settings_update_and_get_persistence" time="0.750" /><testcase classname="backend.tests.test_billing_api" name="test_next_number_invoice_prefix_and_sequence" time="0.341" /><testcase classname="backend.tests.test_billing_api" name="test_next_number_estimate_prefix" time="0.171" /><testcase classname="backend.tests.test_billing_api" name="test_save_invoice_and_verify_recent" time="0.415" /><testcase classname="backend.tests.test_billing_api" name="test_customer_suggest_after_save" time="0.352" /><testcase classname="backend.tests.test_billing_api" name="test_save_estimate_uses_quantity_formula" time="0.171" /></testsuite></testsuites>